** Daemonized, any open files are closed.  Look at log/mongrel.pid and log/mongrel.log for info.
** Starting Mongrel listening at 0.0.0.0:3000
** Starting Rails with development environment...
** Rails loaded.
** Loading any Rails specific GemPlugins
** Signals ready.  TERM => stop.  USR2 => restart.  INT => stop (no restart).
** Rails signals registered.  HUP => reload (without restart).  It might not work well.
** Mongrel 1.1.5 available at 0.0.0.0:3000
** Writing PID file to log/mongrel.pid
/home/dckap/cherrybg/app/models/artist_image.rb:36: warning: found = in conditional, should be ==
/home/dckap/cherrybg/app/models/artist_image.rb:37: warning: found = in conditional, should be ==
/home/dckap/cherrybg/app/models/artist_image.rb:38: warning: found = in conditional, should be ==
/home/dckap/cherrybg/app/views/artist/main.html.erb:5: warning: don't put space before argument parentheses
Mon Oct 10 15:16:04 +0530 2011: Error calling Dispatcher.dispatch #<NoMethodError: You have a nil object when you didn't expect it!
You might have expected an instance of ActiveRecord::Base.
The error occurred while evaluating nil.[]>
/home/dckap/.rvm/gems/ruby-1.8.7-p330/gems/mongrel-1.1.5/bin/../lib/mongrel/cgi.rb:108:in `send_cookies'
/home/dckap/.rvm/gems/ruby-1.8.7-p330/gems/mongrel-1.1.5/bin/../lib/mongrel/cgi.rb:136:in `out'
/home/dckap/.rvm/gems/ruby-1.8.7-p330/gems/mongrel-1.1.5/bin/../lib/mongrel/http_response.rb:65:in `start'
/home/dckap/.rvm/gems/ruby-1.8.7-p330/gems/mongrel-1.1.5/bin/../lib/mongrel/cgi.rb:135:in `out'
/home/dckap/.rvm/gems/ruby-1.8.7-p330/gems/mongrel-1.1.5/bin/../lib/mongrel/rails.rb:81:in `process'
/home/dckap/.rvm/gems/ruby-1.8.7-p330/gems/mongrel-1.1.5/bin/../lib/mongrel.rb:159:in `process_client'
/home/dckap/.rvm/gems/ruby-1.8.7-p330/gems/mongrel-1.1.5/bin/../lib/mongrel.rb:158:in `each'
/home/dckap/.rvm/gems/ruby-1.8.7-p330/gems/mongrel-1.1.5/bin/../lib/mongrel.rb:158:in `process_client'
/home/dckap/.rvm/gems/ruby-1.8.7-p330/gems/mongrel-1.1.5/bin/../lib/mongrel.rb:285:in `run'
/home/dckap/.rvm/gems/ruby-1.8.7-p330/gems/mongrel-1.1.5/bin/../lib/mongrel.rb:285:in `initialize'
/home/dckap/.rvm/gems/ruby-1.8.7-p330/gems/mongrel-1.1.5/bin/../lib/mongrel.rb:285:in `new'
/home/dckap/.rvm/gems/ruby-1.8.7-p330/gems/mongrel-1.1.5/bin/../lib/mongrel.rb:285:in `run'
/home/dckap/.rvm/gems/ruby-1.8.7-p330/gems/mongrel-1.1.5/bin/../lib/mongrel.rb:268:in `initialize'
/home/dckap/.rvm/gems/ruby-1.8.7-p330/gems/mongrel-1.1.5/bin/../lib/mongrel.rb:268:in `new'
/home/dckap/.rvm/gems/ruby-1.8.7-p330/gems/mongrel-1.1.5/bin/../lib/mongrel.rb:268:in `run'
/home/dckap/.rvm/gems/ruby-1.8.7-p330/gems/mongrel-1.1.5/bin/../lib/mongrel/configurator.rb:282:in `run'
/home/dckap/.rvm/gems/ruby-1.8.7-p330/gems/mongrel-1.1.5/bin/../lib/mongrel/configurator.rb:281:in `each'
/home/dckap/.rvm/gems/ruby-1.8.7-p330/gems/mongrel-1.1.5/bin/../lib/mongrel/configurator.rb:281:in `run'
/home/dckap/.rvm/gems/ruby-1.8.7-p330/gems/mongrel-1.1.5/bin/mongrel_rails:128:in `run'
/home/dckap/.rvm/gems/ruby-1.8.7-p330/gems/mongrel-1.1.5/bin/../lib/mongrel/command.rb:212:in `run'
/home/dckap/.rvm/gems/ruby-1.8.7-p330/gems/mongrel-1.1.5/bin/mongrel_rails:281
/home/dckap/.rvm/gems/ruby-1.8.7-p330/bin/mongrel_rails:19:in `load'
/home/dckap/.rvm/gems/ruby-1.8.7-p330/bin/mongrel_rails:19
** TERM signal received.
